
 eiger (nano17.int-nano.int.kit.edu) : TURBOMOLE rev. V7.4.1 (b987a8a8) compiled 15 Oct 2019 at 12:03:25
 Copyright (C) 2019 TURBOMOLE GmbH, Karlsruhe


    2022-03-31 10:51:22.892 

 19                                                                             
  
Total energy =  -1313.6039554110 H =    -35745.0026723 eV
 
 HOMO-LUMO Separation
   HOMO:    75. b  37 a     -0.20210266 H =     -5.49950 eV
   LUMO:    76. b  38 a     -0.10408436 H =     -2.83228 eV
   Gap :                    +0.09801829 H =     +2.66721 eV
 
Number of MOs=    282, Electrons=     75.00, Symmetry: c1   
 
   Nr.   Orbital    Occupation       Energy
   92. a  47 a                     +0.121229 H =        +3.299 eV
   91. a  46 a                     +0.119855 H =        +3.261 eV
   90. b  45 a                     +0.112273 H =        +3.055 eV
   89. a  45 a                     +0.112064 H =        +3.049 eV
   88. b  44 a                     +0.102521 H =        +2.790 eV
   87. a  44 a                     +0.102219 H =        +2.782 eV
   86. b  43 a                     +0.075294 H =        +2.049 eV
   85. a  43 a                     +0.069661 H =        +1.896 eV
   84. b  42 a                     +0.069538 H =        +1.892 eV
   83. a  42 a                     +0.068425 H =        +1.862 eV
   82. b  41 a                     +0.050899 H =        +1.385 eV
   81. a  41 a                     +0.048940 H =        +1.332 eV
   80. b  40 a                     +0.032327 H =        +0.880 eV
   79. a  40 a                     +0.030949 H =        +0.842 eV
   78. b  39 a                     -0.024119 H =        -0.656 eV
   77. a  39 a                     -0.027122 H =        -0.738 eV
   76. b  38 a                     -0.104084 H =        -2.832 eV
   75. b  37 a        1.000        -0.202103 H =        -5.499 eV
   74. a  38 a        1.000        -0.203508 H =        -5.538 eV
   73. a  37 a        1.000        -0.213545 H =        -5.811 eV
   72. b  36 a        1.000        -0.238898 H =        -6.501 eV
   71. a  36 a        1.000        -0.251546 H =        -6.845 eV
   70. b  35 a        1.000        -0.263456 H =        -7.169 eV
   69. a  35 a        1.000        -0.283280 H =        -7.708 eV
   68. b  34 a        1.000        -0.325865 H =        -8.867 eV
   67. a  34 a        1.000        -0.328257 H =        -8.932 eV
   66. b  33 a        1.000        -0.332887 H =        -9.058 eV
   65. a  33 a        1.000        -0.341838 H =        -9.302 eV
   64. b  32 a        1.000        -0.357225 H =        -9.721 eV
   63. a  32 a        1.000        -0.360890 H =        -9.820 eV
   62. b  31 a        1.000        -0.404410 H =       -11.005 eV
   61. a  31 a        1.000        -0.405410 H =       -11.032 eV
   60. b  30 a        1.000        -0.405763 H =       -11.041 eV


    ------------------------------------------------------------------------
         total  cpu-time :   0.04 seconds
         total wall-time :   0.05 seconds
    ------------------------------------------------------------------------

   ****  eiger : all done  ****


    2022-03-31 10:51:22.930 

