
   OpenMP run-time library returned nthreads = 12

 escf (nano03.int-nano.int.kit.edu) : TURBOMOLE rev. V7.4.1 (b987a8a8) compiled 15 Oct 2019 at 12:10:21
 Copyright (C) 2019 TURBOMOLE GmbH, Karlsruhe


    2022-04-28 14:27:49.923 




                                e s c f

                             TURBOMOLE GmbH


          integral direct evaluation of 

                    * excitation energies and transition moments 
                    * dynamic response properties 
                    * stabilities



          OpenMP Shared-Memory Parallelization: 12 CPUs.

            By: Erik P. Almaraz and Filipp Furche
            Copyright 2009-2011 by UCI and TURBOMOLE GmbH.



          references (see also programs dscf and ridft) 

          implementation and benchmarks (review) 
          F. Furche and D. Rappoport,  
          "Density functional methods for excited states: 
          equilibrium structure and electronic spectra",
          ch. III of "Computational Photochemistry", ed. by 
          M. Olivucci, vol. 16 of "Theoretical and Computational 
          Chemistry", Elsevier, Amsterdam, 2005.

          nonorthonormal Krylov space methods 
          F. Furche, B. T. Krull, B. D. Nguyen, and J. Kwon, 
          J. Chem. Phys. 144 (2016), 174105.

          two-component GW quasi particle energies 
          M. Kuehn and F. Weigend, 
          J. Chem. Theory Comput. 11 (2015), 969.

          two-component TDDFT with spin-orbit coupling 
          M. Kuehn and F. Weigend, 
          J. Chem. Theory Comput. 9 (2013), 5341.
          M. Kuehn and F. Weigend, 
          J. Chem. Phys. 142 (2015), 034116.

          GW quasi particle energies
          M. J. van Setten, F. Weigend, and F. Evers,
          J. Chem. Theory Comput. 9 (2013), 232.

          current-density dependent meta-GGA Linear Response
          J. E. Bates and F. Furche, 
          J. Chem. Phys. 137 (2012), 164105.

          spin-flip method 
          M. Kuehn and F. Weigend, 
          Chem. Phys. Chem. 12 (2011), 3331.

          (c)BSE, RI-K and low-scaling GW methods (1c and 2c),
          2c hybrid TDDFT and generalized non-hermitian solver
          C. Holzer and W. Klopper, 
          J. Chem. Phys. 150 (2019), 204116.

          Bethe-Salpeter equation
          K. Krause and W. Klopper,
          J. Comput. Chem. 38 (2017) 383.

          RI-J method 
          R. Bauernschmitt, M. Haeser, O. Treutler, and R. Ahlrichs,
          Chem. Phys. Lett. 264 (1997), 573.

          density functional implementation               
          R. Bauernschmitt and R. Ahlrichs,
          Chem. Phys. Lett. 256 (1996), 454.
          R. Bauernschmitt and R. Ahlrichs,
          J. Chem. Phys. 104 (1996), 9047.

          UHF extension (RPA and CIS)
          C. Ochsenfeld, J. Gauss, and R. Ahlrichs, 
          J. Chem. Phys. 103 (1995), 7401.

          integral direct algorithm                 
          H. Weiss, R. Ahlrichs, and M. Haeser, 
          J. Chem. Phys. 99 (1993), 1262.
                                     




              +--------------------------------------------------+
              | Atomic coordinate, charge and isotop information |
              +--------------------------------------------------+

                    atomic coordinates            atom    charge  isotop
        -19.11086121    3.75849975    2.87803499    c      6.000     0
        -16.87003722    2.54571791    3.41207620    c      6.000     0
        -14.50634619    3.55792126    2.73437551    c      6.000     0
        -14.53025009    5.90034526    1.46612423    c      6.000     0
        -16.74506963    7.14019519    0.91751940    c      6.000     0
        -19.12382455    6.11070677    1.60562234    c      6.000     0
        -21.32497854    7.34049181    1.06074396    n      7.000     0
        -23.73837462    6.24594343    1.78034821    c      6.000     0
        -21.28208934    9.76826103   -0.22605069    c      6.000     0
        -12.24157204    2.19496320    3.35641893    c      6.000     0
         -9.82033287    2.89348712    2.84661877    c      6.000     0
         -7.60186421    1.53335232    3.49117742    c      6.000     0
         -5.17714180    2.31003651    2.95461927    c      6.000     0
         -3.41859635    0.45850156    3.90297668    c      6.000     0
         -4.70275258   -1.42952346    4.98956417    o      8.000     0
         -7.42734746   -0.97093350    4.87395482    c      6.000     0
         -0.82548624    0.37338172    3.85394095    c      6.000     0
         -4.60749365    4.58720313    1.67123927    c      6.000     0
         -4.34615712    6.47539432    0.61493845    n      7.000     0
          0.66694059    2.31124431    2.75178050    c      6.000     0
          0.45414370   -1.71776132    4.95503736    c      6.000     0
          1.49081962   -3.41419404    5.85010276    n      7.000     0
          1.93903253    3.85204349    1.87921105    n      7.000     0
         -8.33796294   -0.84236021    7.60991511    c      6.000     0
         -8.55841123   -3.18791599    3.41386982    c      6.000     0
        -20.86099817    2.88079136    3.44986072    h      1.000     0
        -16.93568618    0.74628456    4.39019049    h      1.000     0
        -12.77068541    6.77293124    0.89642094    h      1.000     0
        -16.64198258    8.92890146   -0.05681397    h      1.000     0
        -25.25518713    7.49042905    1.17527135    h      1.000     0
        -23.88710978    6.00661568    3.82990164    h      1.000     0
        -24.03306379    4.40176183    0.89048403    h      1.000     0
        -23.20832085   10.43449570   -0.47606521    h      1.000     0
        -20.40836290    9.62567414   -2.09506368    h      1.000     0
        -20.25092417   11.19067618    0.86526839    h      1.000     0
        -12.56166274    0.42770602    4.34091283    h      1.000     0
         -9.48353160    4.65592887    1.85849038    h      1.000     0
        -10.37587581   -0.57108346    7.69711997    h      1.000     0
         -7.42530595    0.71911675    8.59453274    h      1.000     0
         -7.85736545   -2.60203299    8.56718198    h      1.000     0
        -10.60734937   -3.03470629    3.31213412    h      1.000     0
         -8.06879219   -4.94591046    4.36943425    h      1.000     0
         -7.80812071   -3.24304604    1.49697943    h      1.000     0
 
       center of nuclear mass  :   -9.75634316    2.71616352    2.99267987
       center of nuclear charge:  -10.04921376    2.74740938    2.99054783

   *************************************************************************
   Title                                                                    
   *************************************************************************



              +--------------------------------------------------+
              |               basis set information              |
              +--------------------------------------------------+

              we will work with the 1s 3p 5d 7f 9g ... basis set
              ...i.e. with spherical basis functions...

   type   atoms  prim   cont   basis
   ---------------------------------------------------------------------------
    c       20     46     31   def2-TZVP   [5s3p2d1f|11s6p2d1f]
    n        4     46     31   def2-TZVP   [5s3p2d1f|11s6p2d1f]
    o        1     46     31   def2-TZVP   [5s3p2d1f|11s6p2d1f]
    h       18      8      6   def2-TZVP   [3s1p|5s1p]
   ---------------------------------------------------------------------------
   total:   43   1294    883
   ---------------------------------------------------------------------------

   total number of primitive shells          :   66
   total number of contracted shells         :  347
   total number of cartesian basis functions : 1008
   total number of SCF-basis functions       :  883


 residuum convergence criterium   :  0.10E-04


 integral neglect threshold       :  0.33E-11
 integral storage threshold THIZE :  0.10E-04
 integral storage threshold THIME :         5

 
             FOUND RI-J FLAG !
 
  
 AUXILIARY BASIS SET information:

              we will work with the 1s 3p 5d 7f 9g ... basis set
              ...i.e. with spherical basis functions...

   type   atoms  prim   cont   basis
   ---------------------------------------------------------------------------
    c       20     70     49   def2-TZVP   [6s4p3d1f1g|12s5p4d2f1g]
    n        4     70     49   def2-TZVP   [6s4p3d1f1g|12s5p4d2f1g]
    o        1     70     49   def2-TZVP   [6s4p3d1f1g|12s5p4d2f1g]
    h       18     16     11   def2-TZVP   [3s1p1d|5s2p1d]
   ---------------------------------------------------------------------------
   total:   43   2038   1423
   ---------------------------------------------------------------------------

   total number of primitive shells          :   80
   total number of contracted shells         :  465
   total number of cartesian basis functions : 1741
   total number of SCF-basis functions       : 1423

 HYPERPOLARIZABILITY CALCULATION
 
 Read                      1  pairs of frequencies (in nm) from control

       Pairs of frequencies (Hartree)        Sum freq.

    1   0.0000000           0.0000000            1
 
 Constructing quadratic response from                      1  unique frequencies

       Frequency (Hartree) 

    1   0.0000000      
 
             FOUND DFT-FLAG !
 

 symmetry group of the molecule :   c1 

 the group has the following generators :
   c1(z)

    1 symmetry operations found

 there are 1 real representations :   a   

 maximum number of shells which are related by symmetry :  1

 

 determining totally symmetric integral contributions 
    - equivalent to irreducible tensor elements - 
 which can be formed within each triple of representations :

             representation triple      contributions

              a     a     a               1

    mo occupation :
   irrep   mo's   occupied
    a      883       87
 
 number of basis functions   :                    883
 number of occupied orbitals :                     87
 
  
           ------------------
           density functional
           ------------------
 Becke-3-Parameter hybrid functional: B3-LYP
 exchange:    0.8*LDA + 0.72*B88 + 0.2*HF
 correlation: 0.19*LDA(VWN) + 0.81*LYP

 iterations will be done with small grid
  
 spherical integration : Lebedev's spherical grid
 spherical gridsize    :                     3
    i.e. gridpoints    :                   302
 value for diffuse not defined
 radial integration    : Chebyshev 2nd kind (scaling 3)
 radial gridsize       :                     3
 integration cells     :                    43
 partition function    : becke
 partition sharpness   :                     3
  
  
           ----------------------
               RI - INFORMATION
           ----------------------

 biggest AO integral is expected to be     7.998976882

 Threshold for integral neglect (rithr2):   0.33E-11
 Threshold for integral neglect (rithr1):   0.33E-11

 Contributions to RI integral batches: 
  neglected integral batches:                 24341
  direct contribution:                        14288
  memory contribution:                 21749
 Core memory available (ricore)            2000 MiB
 Core memory needed for (P|Q) and Cholesky 16 MiB
 Core memory used for integrals            1545 MiB
  
 ****************************************
 Memory allocated for RIDFT 1561 MiB
 ****************************************
                                            
  MOs are in ASCII format !


 reading orbital data $scfmo  from file mos
 orbital characterization : scfconv=7
 preparing DFT   numerical integration ....
          Overall gridpoints after grid construction =         58326

 Calculating ground state density on molecular grid

 Integral of ground state density: N =   173.9999313421401    


 all orbitals will be included in the transformation

 number of non-frozen orbitals          :   883
 number of non-frozen occupied orbitals :    87



 dimension of super-tensorspace: 1

          IRREP   tensor space dimension   number of roots

           a             69252                   3

 maximum number of Davidson iterations set to   25


 machine precision: 2.22D-16


 logfile dipl_a    will be constructed


                       Nonorthonormal Krylov Space Iteration


 total number of roots to be determined: 3


 maximum core memory set to  6000 MB,
 corresponding to      768 vectors in CAO basis


 maximum number of simultaneously treated vectors (including degeneracy):        3


 Iteration IRREP Converged      Max. Euclidean
                 roots          residual norm

    1       a        0        6.578164760353991D+00
 
    2       a        0        1.918439810320766D+00
 
    3       a        0        7.883073086982645D-01
 
    4       a        0        3.363780749463461D-01
 
    5       a        0        1.280484630150446D-01
 
    6       a        0        4.771850959093720D-02
 
    7       a        0        1.602368891525312D-02
 
    8       a        0        5.493950844888009D-03
 
    9       a        0        1.513684939966415D-03
 
   10       a        0        5.048905030794426D-04
 
   11       a        0        1.250307095392310D-04
 
   12       a        0        4.258319584441146D-05
 
   13       a        2        1.231980370543201D-05
 
   14       a        3        8.025217570094477D-06
 

 converged!


 Switching to fine grid

 preparing DFT   numerical integration ....
          Overall gridpoints after grid construction =        212905

 Calculating ground state density on molecular grid

 Integral of ground state density: N =   174.0002714257884    



 Iteration IRREP Converged      Max. Euclidean
                 roots          residual norm

   15       a        0        7.169439265222780D-03
 

 NOTE: Residual norms are larger than 1.00D-05 due to mgrid option!

 Eigenpairs written on logfile dipl_a   



 IRREP   Vector     Frequency            Euclidean residual norm

  a         1    0.000000000000000D+00    7.169439265222780D-03
            2    0.000000000000000D+00    4.327812945512070D-03
            3    0.000000000000000D+00    4.315691967377975D-03
 

 Irreducible components of electric dipole vector:

 IRREP column      x          y          z

  a       1      1.000      0.000      0.000
  a       1      0.000      1.000      0.000
  a       1      0.000      0.000      1.000

 Irreducible components of magnetic dipole vector:

 IRREP column      x          y          z

  a       1      1.000      0.000      0.000
  a       1      0.000      1.000      0.000
  a       1      0.000      0.000      1.000




                           1st frequency


 Frequency:                               0.000000000000000    

 Frequency / eV:                          0.000000000000000    

 Frequency / nm:                                       Infinity

 Frequency / cm^(-1):                     0.000000000000000    


 Electronic dipole polarizability (length representation):

   xx     689.8690805684726    
   yy     278.0907929992860       1/3*trace:         383.4412509621827    
   zz     182.3638793187897    
   xy    -118.1847039604970    
   xz     38.14311308651293       Anisotropy:        526.1679872888454    
   yz    -64.39959151855166    


 Electronic rotatory dispersion (length representation):

 ## NOTE: since TM version 6.2 signs have been corrected ##

   xx     35.45222687477492    
   yy    -85.50924283676416       1/3*trace:         5.323063155232593    
   zz     66.02620542768702    
   xy     239.8776907501618    
   yx    -185.5363355962962    
   xz    -87.82342518532462       Anisotropy:        985.5878512792267    
   zx     139.9680000155128    
   yz    -547.4533892857971    
   zy     464.5121624886261    

   specific rotation [alpha] in deg*[dm(g/cc)]^(-1)  0.000000000000000    


  ----------------------------------------------------------------------------
       electronic polarizability :
           689.86908057
          -118.18470396           278.09079300
            38.14311309           -64.39959152           182.36387932
       1/3 Tr(alpha) =  383.44125
       Anisotropy    =  526.16799
  ----------------------------------------------------------------------------


 keyword $electronic polarizability missing in file <control>


  ***  polarizabilities written onto data group $electronic polarizability
       file = <control>  *** 


          IRREP   tensor space dimension   number of roots

           a             69252                   3

          IRREP   tensor space dimension   number of roots

           a             69252                   6




                           1st pair of frequencies


 Frequencies:             0.000000000000000          0.000000000000000        

 Frequencies / eV:        0.000000000000000          0.000000000000000        

 Frequencies / nm:                     Infinity                   Infinity    

 Frequencies / cm^(-1):   0.000000000000000          0.000000000000000        


 Electronic dipole hyperpolarizability (length representation):

  Component abc has frequencies a(omega_1+omega_2) b(omega_1) c(omega_2)
    i.e. << mu_a; mu_b(omega_1), mu_c(omega_2) >>
 xxx  -10440.989313251     yxx   5672.9838382298     zxx  -2530.3300889644    
 xyx   5672.9838380901     yyx  -2254.3670958619     zyx   1006.8147579549    
 xzx  -2530.3300889040     yzx   1006.8147580224     zzx  -297.39446149292    
 xxy   5672.9838380901     yxy  -2254.3670958619     zxy   1006.8147579549    
 xyy  -2254.3670962739     yyy   727.94815581948     zyy  -308.34527087201    
 xzy   1006.8147579792     yzy  -308.34527040218     zzy   99.757433834319    
 xxz  -2530.3300889040     yxz   1006.8147580224     zxz  -297.39446149292    
 xyz   1006.8147579792     yyz  -308.34527040218     zyz   99.757433834319    
 xzz  -297.39446177925     yzz   99.757434707903     zzz  -29.226269768309    
             scalar norm:       0.000000000    
            vector norms:         14808.62580             14808.62580             14808.62580    
  deviator 1 eigenvalues:       -0.4408018761E-06        0.2479569453E-07        0.4160061816E-06
  deviator 2 eigenvalues:       -0.5684341886E-13         0.000000000            0.5684341886E-13
             septor norm:       10753.26527    


    ------------------------------------------------------------------------
         total  cpu-time :  2 hours 17 minutes and 19 seconds
         total wall-time : 11 minutes and 37 seconds
    ------------------------------------------------------------------------

   ****  escf : all done  ****


    2022-04-28 14:39:26.734 

