 Fermi distribution function

Calculation with static geometry


********************************************************************************
 iSCC Total electronic   Diff electronic      SCC error    
    9   -0.15631156E+02   -0.15946888E-09    0.20793805E-05
********************************************************************************

 Total charge:    -1.00000000

 Atomic gross charges (e)
 Atom           Charge
    1      -0.19666026
    2       0.03383189
    3       0.03902524
    4       0.04922605
    5       0.03869010
    6      -0.13989846
    7      -0.43639628
    8       0.03633830
    9       0.01702920
   10       0.03911272
   11      -0.13911217
   12      -0.43381828
   13       0.01726553
   14       0.03680723
   15       0.03855919

Nr. of electrons (up):     40.00000000
Atom populations (up)
 Atom       Population
    1       4.19666026
    2       5.96616811
    3       0.96097476
    4       0.95077395
    5       0.96130990
    6       4.13989846
    7       6.43639628
    8       0.96366170
    9       0.98297080
   10       0.96088728
   11       4.13911217
   12       6.43381828
   13       0.98273447
   14       0.96319277
   15       0.96144081

l-shell populations (up)
 Atom Sh.   l       Population
    1   1   0       1.30857803
    1   2   1       2.88808223
    2   1   0       1.70146180
    2   2   1       3.83654004
    2   3   2       0.42816627
    3   1   0       0.96097476
    4   1   0       0.95077395
    5   1   0       0.96130990
    6   1   0       1.29102346
    6   2   1       2.84887500
    7   1   0       1.78378114
    7   2   1       4.47895856
    7   3   2       0.17365659
    8   1   0       0.96366170
    9   1   0       0.98297080
   10   1   0       0.96088728
   11   1   0       1.29015462
   11   2   1       2.84895755
   12   1   0       1.78321189
   12   2   1       4.48021701
   12   3   2       0.17038938
   13   1   0       0.98273447
   14   1   0       0.96319277
   15   1   0       0.96144081

Orbital populations (up)
 Atom Sh.   l   m       Population  Label
    1   1   0   0       1.30857803  s
    1   2   1  -1       0.95811042  p_y
    1   2   1   0       0.97214110  p_z
    1   2   1   1       0.95783070  p_x
    2   1   0   0       1.70146180  s
    2   2   1  -1       1.29748726  p_y
    2   2   1   0       1.18347729  p_z
    2   2   1   1       1.35557549  p_x
    2   3   2  -2       0.11125913  d_xy
    2   3   2  -1       0.13966922  d_yz
    2   3   2   0       0.05387510  d_z2
    2   3   2   1       0.07093542  d_xz
    2   3   2   2       0.05242740  d_x2-y2
    3   1   0   0       0.96097476  s
    4   1   0   0       0.95077395  s
    5   1   0   0       0.96130990  s
    6   1   0   0       1.29102346  s
    6   2   1  -1       0.94575364  p_y
    6   2   1   0       0.95116515  p_z
    6   2   1   1       0.95195621  p_x
    7   1   0   0       1.78378114  s
    7   2   1  -1       1.43640210  p_y
    7   2   1   0       1.57064484  p_z
    7   2   1   1       1.47191162  p_x
    7   3   2  -2       0.05174347  d_xy
    7   3   2  -1       0.02158653  d_yz
    7   3   2   0       0.02343965  d_z2
    7   3   2   1       0.03853729  d_xz
    7   3   2   2       0.03834965  d_x2-y2
    8   1   0   0       0.96366170  s
    9   1   0   0       0.98297080  s
   10   1   0   0       0.96088728  s
   11   1   0   0       1.29015462  s
   11   2   1  -1       0.94425557  p_y
   11   2   1   0       0.95670576  p_z
   11   2   1   1       0.94799623  p_x
   12   1   0   0       1.78321189  s
   12   2   1  -1       1.42881525  p_y
   12   2   1   0       1.66580069  p_z
   12   2   1   1       1.38560107  p_x
   12   3   2  -2       0.01095934  d_xy
   12   3   2  -1       0.06121658  d_yz
   12   3   2   0       0.01116460  d_z2
   12   3   2   1       0.03997877  d_xz
   12   3   2   2       0.04707008  d_x2-y2
   13   1   0   0       0.98273447  s
   14   1   0   0       0.96319277  s
   15   1   0   0       0.96144081  s

Fermi level:                         0.1726651292 H            4.6985 eV
Band energy:                        -7.5476133555 H         -205.3810 eV
TS:                                  0.0000000000 H            0.0000 eV
Band free energy (E-TS):            -7.5476133555 H         -205.3810 eV
Extrapolated E(0K):                 -7.5476133555 H         -205.3810 eV
Input / Output electrons (q):     40.0000000000     40.0000000000

Energy H0:                         -15.7469905215 H         -428.4974 eV
Energy SCC:                          0.1158349740 H            3.1520 eV
Total Electronic energy:           -15.6311555476 H         -425.3454 eV
Repulsive energy:                    0.0250222042 H            0.6809 eV
Total energy:                      -15.6061333434 H         -424.6645 eV
Extrapolated to 0:                 -15.6061333434 H         -424.6645 eV
Total Mermin free energy:          -15.6061333434 H         -424.6645 eV
Force related energy:              -15.6061333434 H         -424.6645 eV

SCC converged

Total Forces
    1     -0.007883456068     -0.005545880623      0.004889008144
    2      0.012399931831      0.001632430898     -0.013861261989
    3     -0.002047404115     -0.000332877857      0.003386908918
    4     -0.005341063472      0.001298026911      0.009739546114
    5     -0.003006038538      0.000045794621      0.003042696236
    6     -0.006069578403     -0.007721696477     -0.007703100294
    7     -0.114538641925     -0.171549587602     -0.126339888062
    8     -0.000857690548      0.000571822834      0.000368168846
    9     -0.003197432276      0.002968260455     -0.002745714177
   10     -0.000007954085      0.003186201955     -0.001169793835
   11      0.007514964032      0.008700297501      0.005794525962
   12      0.117012969370      0.173692782514      0.122551869469
   13      0.004090039682     -0.003081190330      0.002191189552
   14     -0.000019235968     -0.000841784988      0.000674843055
   15      0.001950590486     -0.003022599813     -0.000818997941

Maximal derivative component:        0.173693E+00 au


